<?xml version="1.0" encoding="UTF-8"?>
<testng-results skipped="0" failed="0" total="1" passed="1">
  <reporter-output>
  </reporter-output>
  <suite name="Default suite" duration-ms="29714" started-at="2018-12-08T08:37:35Z" finished-at="2018-12-08T08:38:05Z">
    <groups>
    </groups>
    <test name="Default test" duration-ms="29714" started-at="2018-12-08T08:37:35Z" finished-at="2018-12-08T08:38:05Z">
      <class name="report.com.VerifyPageTitle">
        <test-method status="PASS" signature="verifyTitle()[pri:0, instance:report.com.VerifyPageTitle@d2cc05a]" name="verifyTitle" duration-ms="29698" started-at="2018-12-08T00:37:35Z" finished-at="2018-12-08T00:38:05Z">
          <reporter-output>
          </reporter-output>
        </test-method> <!-- verifyTitle -->
      </class> <!-- report.com.VerifyPageTitle -->
    </test> <!-- Default test -->
  </suite> <!-- Default suite -->
</testng-results>
